<?xml version="1.0" encoding="UTF-8"?>
<coverage generated="1627914571153" clover="3.2.0">
  <project timestamp="1627914571154" name="All files">
    <metrics statements="12" coveredstatements="12" conditionals="0" coveredconditionals="0" methods="6" coveredmethods="6" elements="18" coveredelements="18" complexity="0" loc="12" ncloc="12" packages="1" files="1" classes="1"/>
    <file name="service.js" path="/home/omer/Masaüstü/projects/week-4-vue-omer-caliskan/src/service/service.js">
      <metrics statements="12" coveredstatements="12" conditionals="0" coveredconditionals="0" methods="6" coveredmethods="6"/>
      <line num="3" count="1" type="stmt"/>
      <line num="6" count="3" type="stmt"/>
      <line num="9" count="2" type="stmt"/>
      <line num="10" count="2" type="stmt"/>
      <line num="11" count="1" type="stmt"/>
      <line num="13" count="3" type="stmt"/>
      <line num="16" count="1" type="stmt"/>
      <line num="17" count="2" type="stmt"/>
      <line num="18" count="2" type="stmt"/>
      <line num="20" count="1" type="stmt"/>
      <line num="21" count="1" type="stmt"/>
      <line num="23" count="2" type="stmt"/>
    </file>
  </project>
</coverage>
