{"/home/omer/Masaüstü/projects/week-4-vue-omer-caliskan/src/service/service.js": {"path":"/home/omer/Masaüstü/projects/week-4-vue-omer-caliskan/src/service/service.js","statementMap":{"0":{"start":{"line":3,"column":47},"end":{"line":14,"column":1}},"1":{"start":{"line":6,"column":4},"end":{"line":11,"column":33}},"2":{"start":{"line":9,"column":12},"end":{"line":9,"column":45}},"3":{"start":{"line":10,"column":12},"end":{"line":10,"column":41}},"4":{"start":{"line":11,"column":26},"end":{"line":11,"column":31}},"5":{"start":{"line":13,"column":4},"end":{"line":13,"column":33}},"6":{"start":{"line":16,"column":27},"end":{"line":24,"column":1}},"7":{"start":{"line":17,"column":19},"end":{"line":17,"column":21}},"8":{"start":{"line":18,"column":4},"end":{"line":21,"column":32}},"9":{"start":{"line":20,"column":29},"end":{"line":20,"column":53}},"10":{"start":{"line":21,"column":26},"end":{"line":21,"column":31}},"11":{"start":{"line":23,"column":4},"end":{"line":23,"column":19}}},"fnMap":{"0":{"name":"(anonymous_0)","decl":{"start":{"line":3,"column":47},"end":{"line":3,"column":48}},"loc":{"start":{"line":3,"column":75},"end":{"line":14,"column":1}},"line":3},"1":{"name":"(anonymous_1)","decl":{"start":{"line":8,"column":14},"end":{"line":8,"column":15}},"loc":{"start":{"line":8,"column":28},"end":{"line":10,"column":42}},"line":8},"2":{"name":"(anonymous_2)","decl":{"start":{"line":11,"column":15},"end":{"line":11,"column":16}},"loc":{"start":{"line":11,"column":26},"end":{"line":11,"column":31}},"line":11},"3":{"name":"(anonymous_3)","decl":{"start":{"line":16,"column":27},"end":{"line":16,"column":28}},"loc":{"start":{"line":16,"column":41},"end":{"line":24,"column":1}},"line":16},"4":{"name":"(anonymous_4)","decl":{"start":{"line":20,"column":14},"end":{"line":20,"column":15}},"loc":{"start":{"line":20,"column":29},"end":{"line":20,"column":53}},"line":20},"5":{"name":"(anonymous_5)","decl":{"start":{"line":21,"column":15},"end":{"line":21,"column":16}},"loc":{"start":{"line":21,"column":26},"end":{"line":21,"column":31}},"line":21}},"branchMap":{},"s":{"0":1,"1":3,"2":2,"3":2,"4":1,"5":3,"6":1,"7":2,"8":2,"9":1,"10":1,"11":2},"f":{"0":3,"1":2,"2":1,"3":2,"4":1,"5":1},"b":{},"_coverageSchema":"1a1c01bbd47fc00a2c39e90264f33305004495a9","hash":"19105b5e357cd070f44a0d49f2f8ba8dd026d9e3"}
}
